This file contains any messages produced by compilers while
running configure, to aid debugging if configure makes a mistake.

It was created by kikimora configure 0.1.0, which was
generated by GNU Autoconf 2.69.  Invocation command line was

  $ ./configure 

## --------- ##
## Platform. ##
## --------- ##

hostname = yinchen-mac
uname -m = x86_64
uname -r = 15.6.0
uname -s = Darwin
uname -v = Darwin Kernel Version 15.6.0: Mon Aug 29 20:21:34 PDT 2016; root:xnu-3248.60.11~1/RELEASE_X86_64

/usr/bin/uname -p = i386
/bin/uname -X     = unknown

/bin/arch              = unknown
/usr/bin/arch -k       = unknown
/usr/convex/getsysinfo = unknown
/usr/bin/hostinfo      = Mach kernel version:
	 Darwin Kernel Version 15.6.0: Mon Aug 29 20:21:34 PDT 2016; root:xnu-3248.60.11~1/RELEASE_X86_64
Kernel configured for up to 8 processors.
4 processors are physically available.
8 processors are logically available.
Processor type: x86_64h (Intel x86-64h Haswell)
Processors active: 0 1 2 3 4 5 6 7
Primary memory available: 16.00 gigabytes
Default processor set: 298 tasks, 1458 threads, 8 processors
Load average: 2.90, Mach factor: 5.09
/bin/machine           = unknown
/usr/bin/oslevel       = unknown
/bin/universe          = unknown

PATH: /Users/yinchen/.gvm/pkgsets/go1.6/global/bin
PATH: /Users/yinchen/.gvm/gos/go1.6/bin
PATH: /Users/yinchen/.gvm/pkgsets/go1.6/global/overlay/bin
PATH: /Users/yinchen/.gvm/bin
PATH: /Users/yinchen/.gvm/bin
PATH: /usr/local/go/bin
PATH: /Users/yinchen/.rvm/gems/ruby-2.2.1/bin
PATH: /Users/yinchen/.rvm/gems/ruby-2.2.1@global/bin
PATH: /Users/yinchen/.rvm/rubies/ruby-2.2.1/bin
PATH: /usr/local/bin
PATH: /usr/bin
PATH: /bin
PATH: /usr/sbin
PATH: /sbin
PATH: /bin
PATH: /bin
PATH: /Users/yinchen/apache-maven-3.2.3/bin
PATH: /Users/yinchen/.rvm/bin
PATH: /Users/yinchen/Projects/arcanist/arcanist/bin
PATH: ads/arcanist/bin/
PATH: ./arc/arcanist/bin/


## ----------- ##
## Core tests. ##
## ----------- ##

configure:2425: checking for a BSD-compatible install
configure:2493: result: /usr/bin/install -c
configure:2504: checking whether build environment is sane
configure:2559: result: yes
configure:2710: checking for a thread-safe mkdir -p
configure:2749: result: ./install-sh -c -d
configure:2756: checking for gawk
configure:2786: result: no
configure:2756: checking for mawk
configure:2786: result: no
configure:2756: checking for nawk
configure:2786: result: no
configure:2756: checking for awk
configure:2772: found /usr/bin/awk
configure:2783: result: awk
configure:2794: checking whether make sets $(MAKE)
configure:2816: result: yes
configure:2845: checking whether make supports nested variables
configure:2862: result: yes
configure:3048: checking for g++
configure:3064: found /usr/bin/g++
configure:3075: result: g++
configure:3102: checking for C++ compiler version
configure:3111: g++ --version >&5
Apple LLVM version 8.0.0 (clang-800.0.38)
Target: x86_64-apple-darwin15.6.0
Thread model: posix
InstalledDir: /Applications/Xcode.app/Contents/Developer/Toolchains/XcodeDefault.xctoolchain/usr/bin
Configured with: --prefix=/Applications/Xcode.app/Contents/Developer/usr --with-gxx-include-dir=/usr/include/c++/4.2.1
configure:3122: $? = 0
configure:3111: g++ -v >&5
Configured with: --prefix=/Applications/Xcode.app/Contents/Developer/usr --with-gxx-include-dir=/usr/include/c++/4.2.1
Apple LLVM version 8.0.0 (clang-800.0.38)
Target: x86_64-apple-darwin15.6.0
Thread model: posix
InstalledDir: /Applications/Xcode.app/Contents/Developer/Toolchains/XcodeDefault.xctoolchain/usr/bin
configure:3122: $? = 0
configure:3111: g++ -V >&5
clang: error: argument to '-V' is missing (expected 1 value)
clang: error: no input files
configure:3122: $? = 1
configure:3111: g++ -qversion >&5
clang: error: unknown argument: '-qversion'
clang: error: no input files
configure:3122: $? = 1
configure:3142: checking whether the C++ compiler works
configure:3164: g++    conftest.cpp  >&5
configure:3168: $? = 0
configure:3216: result: yes
configure:3219: checking for C++ compiler default output file name
configure:3221: result: a.out
configure:3227: checking for suffix of executables
configure:3234: g++ -o conftest    conftest.cpp  >&5
configure:3238: $? = 0
configure:3260: result: 
configure:3282: checking whether we are cross compiling
configure:3290: g++ -o conftest    conftest.cpp  >&5
configure:3294: $? = 0
configure:3301: ./conftest
configure:3305: $? = 0
configure:3320: result: no
configure:3325: checking for suffix of object files
configure:3347: g++ -c   conftest.cpp >&5
configure:3351: $? = 0
configure:3372: result: o
configure:3376: checking whether we are using the GNU C++ compiler
configure:3395: g++ -c   conftest.cpp >&5
configure:3395: $? = 0
configure:3404: result: yes
configure:3413: checking whether g++ accepts -g
configure:3433: g++ -c -g  conftest.cpp >&5
configure:3433: $? = 0
configure:3474: result: yes
configure:3508: checking for style of include used by make
configure:3536: result: GNU
configure:3562: checking dependency style of g++
configure:3673: result: gcc3
configure:3736: checking for gcc
configure:3752: found /usr/bin/gcc
configure:3763: result: gcc
configure:3992: checking for C compiler version
configure:4001: gcc --version >&5
Apple LLVM version 8.0.0 (clang-800.0.38)
Target: x86_64-apple-darwin15.6.0
Thread model: posix
InstalledDir: /Applications/Xcode.app/Contents/Developer/Toolchains/XcodeDefault.xctoolchain/usr/bin
Configured with: --prefix=/Applications/Xcode.app/Contents/Developer/usr --with-gxx-include-dir=/usr/include/c++/4.2.1
configure:4012: $? = 0
configure:4001: gcc -v >&5
Configured with: --prefix=/Applications/Xcode.app/Contents/Developer/usr --with-gxx-include-dir=/usr/include/c++/4.2.1
Apple LLVM version 8.0.0 (clang-800.0.38)
Target: x86_64-apple-darwin15.6.0
Thread model: posix
InstalledDir: /Applications/Xcode.app/Contents/Developer/Toolchains/XcodeDefault.xctoolchain/usr/bin
configure:4012: $? = 0
configure:4001: gcc -V >&5
clang: error: argument to '-V' is missing (expected 1 value)
clang: error: no input files
configure:4012: $? = 1
configure:4001: gcc -qversion >&5
clang: error: unknown argument: '-qversion'
clang: error: no input files
configure:4012: $? = 1
configure:4016: checking whether we are using the GNU C compiler
configure:4035: gcc -c   conftest.c >&5
configure:4035: $? = 0
configure:4044: result: yes
configure:4053: checking whether gcc accepts -g
configure:4073: gcc -c -g  conftest.c >&5
configure:4073: $? = 0
configure:4114: result: yes
configure:4131: checking for gcc option to accept ISO C89
configure:4194: gcc  -c -g -O2  conftest.c >&5
configure:4194: $? = 0
configure:4207: result: none needed
configure:4232: checking whether gcc understands -c and -o together
configure:4254: gcc -c conftest.c -o conftest2.o
configure:4257: $? = 0
configure:4254: gcc -c conftest.c -o conftest2.o
configure:4257: $? = 0
configure:4269: result: yes
configure:4288: checking dependency style of gcc
configure:4399: result: gcc3
configure:4417: checking for jsoncpp in -lpthread
configure:4442: gcc -o conftest -g -O2   conftest.c -lpthread   >&5
Undefined symbols for architecture x86_64:
  "_jsoncpp", referenced from:
      _main in conftest-266b30.o
ld: symbol(s) not found for architecture x86_64
clang: error: linker command failed with exit code 1 (use -v to see invocation)
configure:4442: $? = 1
configure: failed program was:
| /* confdefs.h */
| #define PACKAGE_NAME "kikimora"
| #define PACKAGE_TARNAME "kikimora"
| #define PACKAGE_VERSION "0.1.0"
| #define PACKAGE_STRING "kikimora 0.1.0"
| #define PACKAGE_BUGREPORT "yinchen@freewheel.tv"
| #define PACKAGE_URL ""
| #define PACKAGE "kikimora"
| #define VERSION "0.1.0"
| /* end confdefs.h.  */
| 
| /* Override any GCC internal prototype to avoid an error.
|    Use char because int might match the return type of a GCC
|    builtin and then its argument prototype would still apply.  */
| #ifdef __cplusplus
| extern "C"
| #endif
| char jsoncpp ();
| int
| main ()
| {
| return jsoncpp ();
|   ;
|   return 0;
| }
configure:4451: result: no
configure:4505: checking for ranlib
configure:4521: found /usr/bin/ranlib
configure:4532: result: ranlib
configure:4560: checking how to run the C preprocessor
configure:4591: gcc -E  conftest.c
configure:4591: $? = 0
configure:4605: gcc -E  conftest.c
conftest.c:11:10: fatal error: 'ac_nonexistent.h' file not found
#include <ac_nonexistent.h>
         ^
1 error generated.
configure:4605: $? = 1
configure: failed program was:
| /* confdefs.h */
| #define PACKAGE_NAME "kikimora"
| #define PACKAGE_TARNAME "kikimora"
| #define PACKAGE_VERSION "0.1.0"
| #define PACKAGE_STRING "kikimora 0.1.0"
| #define PACKAGE_BUGREPORT "yinchen@freewheel.tv"
| #define PACKAGE_URL ""
| #define PACKAGE "kikimora"
| #define VERSION "0.1.0"
| /* end confdefs.h.  */
| #include <ac_nonexistent.h>
configure:4630: result: gcc -E
configure:4650: gcc -E  conftest.c
configure:4650: $? = 0
configure:4664: gcc -E  conftest.c
conftest.c:11:10: fatal error: 'ac_nonexistent.h' file not found
#include <ac_nonexistent.h>
         ^
1 error generated.
configure:4664: $? = 1
configure: failed program was:
| /* confdefs.h */
| #define PACKAGE_NAME "kikimora"
| #define PACKAGE_TARNAME "kikimora"
| #define PACKAGE_VERSION "0.1.0"
| #define PACKAGE_STRING "kikimora 0.1.0"
| #define PACKAGE_BUGREPORT "yinchen@freewheel.tv"
| #define PACKAGE_URL ""
| #define PACKAGE "kikimora"
| #define VERSION "0.1.0"
| /* end confdefs.h.  */
| #include <ac_nonexistent.h>
configure:4693: checking for grep that handles long lines and -e
configure:4751: result: /usr/bin/grep
configure:4756: checking for egrep
configure:4818: result: /usr/bin/grep -E
configure:4823: checking for ANSI C header files
configure:4843: gcc -c -g -O2  conftest.c >&5
configure:4843: $? = 0
configure:4916: gcc -o conftest -g -O2   conftest.c  >&5
configure:4916: $? = 0
configure:4916: ./conftest
configure:4916: $? = 0
configure:4927: result: yes
configure:4940: checking for sys/types.h
configure:4940: gcc -c -g -O2  conftest.c >&5
configure:4940: $? = 0
configure:4940: result: yes
configure:4940: checking for sys/stat.h
configure:4940: gcc -c -g -O2  conftest.c >&5
configure:4940: $? = 0
configure:4940: result: yes
configure:4940: checking for stdlib.h
configure:4940: gcc -c -g -O2  conftest.c >&5
configure:4940: $? = 0
configure:4940: result: yes
configure:4940: checking for string.h
configure:4940: gcc -c -g -O2  conftest.c >&5
configure:4940: $? = 0
configure:4940: result: yes
configure:4940: checking for memory.h
configure:4940: gcc -c -g -O2  conftest.c >&5
configure:4940: $? = 0
configure:4940: result: yes
configure:4940: checking for strings.h
configure:4940: gcc -c -g -O2  conftest.c >&5
configure:4940: $? = 0
configure:4940: result: yes
configure:4940: checking for inttypes.h
configure:4940: gcc -c -g -O2  conftest.c >&5
configure:4940: $? = 0
configure:4940: result: yes
configure:4940: checking for stdint.h
configure:4940: gcc -c -g -O2  conftest.c >&5
configure:4940: $? = 0
configure:4940: result: yes
configure:4940: checking for unistd.h
configure:4940: gcc -c -g -O2  conftest.c >&5
configure:4940: $? = 0
configure:4940: result: yes
configure:4955: checking stddef.h usability
configure:4955: gcc -c -g -O2  conftest.c >&5
configure:4955: $? = 0
configure:4955: result: yes
configure:4955: checking stddef.h presence
configure:4955: gcc -E  conftest.c
configure:4955: $? = 0
configure:4955: result: yes
configure:4955: checking for stddef.h
configure:4955: result: yes
configure:4955: checking for stdint.h
configure:4955: result: yes
configure:4955: checking for stdlib.h
configure:4955: result: yes
configure:4967: checking for stdbool.h that conforms to C99
configure:5034: gcc -c -g -O2  conftest.c >&5
conftest.c:73:24: warning: address of 's' will always evaluate to 'true' [-Wpointer-bool-conversion]
             bool e = &s;
                  ~    ^
conftest.c:77:23: warning: address of array 'a' will always evaluate to 'true' [-Wpointer-bool-conversion]
             return (!a + !b + !c + !d + !e + !f + !g + !h + !i + !!j + !k + !!l
                     ~^
conftest.c:77:28: warning: address of array 'b' will always evaluate to 'true' [-Wpointer-bool-conversion]
             return (!a + !b + !c + !d + !e + !f + !g + !h + !i + !!j + !k + !!l
                          ~^
conftest.c:77:33: warning: address of array 'c' will always evaluate to 'true' [-Wpointer-bool-conversion]
             return (!a + !b + !c + !d + !e + !f + !g + !h + !i + !!j + !k + !!l
                               ~^
conftest.c:77:38: warning: address of array 'd' will always evaluate to 'true' [-Wpointer-bool-conversion]
             return (!a + !b + !c + !d + !e + !f + !g + !h + !i + !!j + !k + !!l
                                    ~^
conftest.c:77:48: warning: address of array 'f' will always evaluate to 'true' [-Wpointer-bool-conversion]
             return (!a + !b + !c + !d + !e + !f + !g + !h + !i + !!j + !k + !!l
                                              ~^
conftest.c:77:53: warning: address of array 'g' will always evaluate to 'true' [-Wpointer-bool-conversion]
             return (!a + !b + !c + !d + !e + !f + !g + !h + !i + !!j + !k + !!l
                                                   ~^
conftest.c:77:58: warning: address of array 'h' will always evaluate to 'true' [-Wpointer-bool-conversion]
             return (!a + !b + !c + !d + !e + !f + !g + !h + !i + !!j + !k + !!l
                                                        ~^
conftest.c:77:63: warning: address of array 'i' will always evaluate to 'true' [-Wpointer-bool-conversion]
             return (!a + !b + !c + !d + !e + !f + !g + !h + !i + !!j + !k + !!l
                                                             ~^
conftest.c:78:30: warning: address of array 'n' will always evaluate to 'true' [-Wpointer-bool-conversion]
                            ~^
conftest.c:78:35: warning: address of array 'o' will always evaluate to 'true' [-Wpointer-bool-conversion]
                                 ~^
conftest.c:78:40: warning: address of array 'p' will always evaluate to 'true' [-Wpointer-bool-conversion]
                                      ~^
12 warnings generated.
configure:5034: $? = 0
configure:5041: result: yes
configure:5043: checking for _Bool
configure:5043: gcc -c -g -O2  conftest.c >&5
configure:5043: $? = 0
configure:5043: gcc -c -g -O2  conftest.c >&5
conftest.c:60:20: error: expected expression
if (sizeof ((_Bool)))
                   ^
1 error generated.
configure:5043: $? = 1
configure: failed program was:
| /* confdefs.h */
| #define PACKAGE_NAME "kikimora"
| #define PACKAGE_TARNAME "kikimora"
| #define PACKAGE_VERSION "0.1.0"
| #define PACKAGE_STRING "kikimora 0.1.0"
| #define PACKAGE_BUGREPORT "yinchen@freewheel.tv"
| #define PACKAGE_URL ""
| #define PACKAGE "kikimora"
| #define VERSION "0.1.0"
| #define STDC_HEADERS 1
| #define HAVE_SYS_TYPES_H 1
| #define HAVE_SYS_STAT_H 1
| #define HAVE_STDLIB_H 1
| #define HAVE_STRING_H 1
| #define HAVE_MEMORY_H 1
| #define HAVE_STRINGS_H 1
| #define HAVE_INTTYPES_H 1
| #define HAVE_STDINT_H 1
| #define HAVE_UNISTD_H 1
| #define HAVE_STDDEF_H 1
| #define HAVE_STDINT_H 1
| #define HAVE_STDLIB_H 1
| /* end confdefs.h.  */
| #include <stdio.h>
| #ifdef HAVE_SYS_TYPES_H
| # include <sys/types.h>
| #endif
| #ifdef HAVE_SYS_STAT_H
| # include <sys/stat.h>
| #endif
| #ifdef STDC_HEADERS
| # include <stdlib.h>
| # include <stddef.h>
| #else
| # ifdef HAVE_STDLIB_H
| #  include <stdlib.h>
| # endif
| #endif
| #ifdef HAVE_STRING_H
| # if !defined STDC_HEADERS && defined HAVE_MEMORY_H
| #  include <memory.h>
| # endif
| # include <string.h>
| #endif
| #ifdef HAVE_STRINGS_H
| # include <strings.h>
| #endif
| #ifdef HAVE_INTTYPES_H
| # include <inttypes.h>
| #endif
| #ifdef HAVE_STDINT_H
| # include <stdint.h>
| #endif
| #ifdef HAVE_UNISTD_H
| # include <unistd.h>
| #endif
| int
| main ()
| {
| if (sizeof ((_Bool)))
| 	    return 0;
|   ;
|   return 0;
| }
configure:5043: result: yes
configure:5054: checking for inline
configure:5070: gcc -c -g -O2  conftest.c >&5
configure:5070: $? = 0
configure:5078: result: inline
configure:5096: checking for int64_t
configure:5096: gcc -c -g -O2  conftest.c >&5
configure:5096: $? = 0
configure:5096: gcc -c -g -O2  conftest.c >&5
conftest.c:62:24: error: 'test_array' declared as an array with a negative size
static int test_array [1 - 2 * !((int64_t) (((((int64_t) 1 << N) << N) - 1) * 2 + 1)
                       ^~~~~~~~~~~~~~~~~~~~~~~~~~~~~~~~~~~~~~~~~~~~~~~~~~~~~~~~~~~~~
1 error generated.
configure:5096: $? = 1
configure: failed program was:
| /* confdefs.h */
| #define PACKAGE_NAME "kikimora"
| #define PACKAGE_TARNAME "kikimora"
| #define PACKAGE_VERSION "0.1.0"
| #define PACKAGE_STRING "kikimora 0.1.0"
| #define PACKAGE_BUGREPORT "yinchen@freewheel.tv"
| #define PACKAGE_URL ""
| #define PACKAGE "kikimora"
| #define VERSION "0.1.0"
| #define STDC_HEADERS 1
| #define HAVE_SYS_TYPES_H 1
| #define HAVE_SYS_STAT_H 1
| #define HAVE_STDLIB_H 1
| #define HAVE_STRING_H 1
| #define HAVE_MEMORY_H 1
| #define HAVE_STRINGS_H 1
| #define HAVE_INTTYPES_H 1
| #define HAVE_STDINT_H 1
| #define HAVE_UNISTD_H 1
| #define HAVE_STDDEF_H 1
| #define HAVE_STDINT_H 1
| #define HAVE_STDLIB_H 1
| #define HAVE__BOOL 1
| /* end confdefs.h.  */
| #include <stdio.h>
| #ifdef HAVE_SYS_TYPES_H
| # include <sys/types.h>
| #endif
| #ifdef HAVE_SYS_STAT_H
| # include <sys/stat.h>
| #endif
| #ifdef STDC_HEADERS
| # include <stdlib.h>
| # include <stddef.h>
| #else
| # ifdef HAVE_STDLIB_H
| #  include <stdlib.h>
| # endif
| #endif
| #ifdef HAVE_STRING_H
| # if !defined STDC_HEADERS && defined HAVE_MEMORY_H
| #  include <memory.h>
| # endif
| # include <string.h>
| #endif
| #ifdef HAVE_STRINGS_H
| # include <strings.h>
| #endif
| #ifdef HAVE_INTTYPES_H
| # include <inttypes.h>
| #endif
| #ifdef HAVE_STDINT_H
| # include <stdint.h>
| #endif
| #ifdef HAVE_UNISTD_H
| # include <unistd.h>
| #endif
| 	        enum { N = 64 / 2 - 1 };
| int
| main ()
| {
| static int test_array [1 - 2 * !((int64_t) (((((int64_t) 1 << N) << N) - 1) * 2 + 1)
| 		 < (int64_t) (((((int64_t) 1 << N) << N) - 1) * 2 + 2))];
| test_array [0] = 0;
| return test_array [0];
| 
|   ;
|   return 0;
| }
configure:5096: result: yes
configure:5107: checking for size_t
configure:5107: gcc -c -g -O2  conftest.c >&5
configure:5107: $? = 0
configure:5107: gcc -c -g -O2  conftest.c >&5
conftest.c:61:21: error: expected expression
if (sizeof ((size_t)))
                    ^
1 error generated.
configure:5107: $? = 1
configure: failed program was:
| /* confdefs.h */
| #define PACKAGE_NAME "kikimora"
| #define PACKAGE_TARNAME "kikimora"
| #define PACKAGE_VERSION "0.1.0"
| #define PACKAGE_STRING "kikimora 0.1.0"
| #define PACKAGE_BUGREPORT "yinchen@freewheel.tv"
| #define PACKAGE_URL ""
| #define PACKAGE "kikimora"
| #define VERSION "0.1.0"
| #define STDC_HEADERS 1
| #define HAVE_SYS_TYPES_H 1
| #define HAVE_SYS_STAT_H 1
| #define HAVE_STDLIB_H 1
| #define HAVE_STRING_H 1
| #define HAVE_MEMORY_H 1
| #define HAVE_STRINGS_H 1
| #define HAVE_INTTYPES_H 1
| #define HAVE_STDINT_H 1
| #define HAVE_UNISTD_H 1
| #define HAVE_STDDEF_H 1
| #define HAVE_STDINT_H 1
| #define HAVE_STDLIB_H 1
| #define HAVE__BOOL 1
| /* end confdefs.h.  */
| #include <stdio.h>
| #ifdef HAVE_SYS_TYPES_H
| # include <sys/types.h>
| #endif
| #ifdef HAVE_SYS_STAT_H
| # include <sys/stat.h>
| #endif
| #ifdef STDC_HEADERS
| # include <stdlib.h>
| # include <stddef.h>
| #else
| # ifdef HAVE_STDLIB_H
| #  include <stdlib.h>
| # endif
| #endif
| #ifdef HAVE_STRING_H
| # if !defined STDC_HEADERS && defined HAVE_MEMORY_H
| #  include <memory.h>
| # endif
| # include <string.h>
| #endif
| #ifdef HAVE_STRINGS_H
| # include <strings.h>
| #endif
| #ifdef HAVE_INTTYPES_H
| # include <inttypes.h>
| #endif
| #ifdef HAVE_STDINT_H
| # include <stdint.h>
| #endif
| #ifdef HAVE_UNISTD_H
| # include <unistd.h>
| #endif
| int
| main ()
| {
| if (sizeof ((size_t)))
| 	    return 0;
|   ;
|   return 0;
| }
configure:5107: result: yes
configure:5118: checking for uint64_t
configure:5118: gcc -c -g -O2  conftest.c >&5
configure:5118: $? = 0
configure:5118: result: yes
configure:5132: checking for ptrdiff_t
configure:5132: gcc -c -g -O2  conftest.c >&5
configure:5132: $? = 0
configure:5132: gcc -c -g -O2  conftest.c >&5
conftest.c:61:24: error: expected expression
if (sizeof ((ptrdiff_t)))
                       ^
1 error generated.
configure:5132: $? = 1
configure: failed program was:
| /* confdefs.h */
| #define PACKAGE_NAME "kikimora"
| #define PACKAGE_TARNAME "kikimora"
| #define PACKAGE_VERSION "0.1.0"
| #define PACKAGE_STRING "kikimora 0.1.0"
| #define PACKAGE_BUGREPORT "yinchen@freewheel.tv"
| #define PACKAGE_URL ""
| #define PACKAGE "kikimora"
| #define VERSION "0.1.0"
| #define STDC_HEADERS 1
| #define HAVE_SYS_TYPES_H 1
| #define HAVE_SYS_STAT_H 1
| #define HAVE_STDLIB_H 1
| #define HAVE_STRING_H 1
| #define HAVE_MEMORY_H 1
| #define HAVE_STRINGS_H 1
| #define HAVE_INTTYPES_H 1
| #define HAVE_STDINT_H 1
| #define HAVE_UNISTD_H 1
| #define HAVE_STDDEF_H 1
| #define HAVE_STDINT_H 1
| #define HAVE_STDLIB_H 1
| #define HAVE__BOOL 1
| /* end confdefs.h.  */
| #include <stdio.h>
| #ifdef HAVE_SYS_TYPES_H
| # include <sys/types.h>
| #endif
| #ifdef HAVE_SYS_STAT_H
| # include <sys/stat.h>
| #endif
| #ifdef STDC_HEADERS
| # include <stdlib.h>
| # include <stddef.h>
| #else
| # ifdef HAVE_STDLIB_H
| #  include <stdlib.h>
| # endif
| #endif
| #ifdef HAVE_STRING_H
| # if !defined STDC_HEADERS && defined HAVE_MEMORY_H
| #  include <memory.h>
| # endif
| # include <string.h>
| #endif
| #ifdef HAVE_STRINGS_H
| # include <strings.h>
| #endif
| #ifdef HAVE_INTTYPES_H
| # include <inttypes.h>
| #endif
| #ifdef HAVE_STDINT_H
| # include <stdint.h>
| #endif
| #ifdef HAVE_UNISTD_H
| # include <unistd.h>
| #endif
| int
| main ()
| {
| if (sizeof ((ptrdiff_t)))
| 	    return 0;
|   ;
|   return 0;
| }
configure:5132: result: yes
configure:5146: checking for memset
configure:5146: gcc -o conftest -g -O2   conftest.c  >&5
conftest.c:49:6: warning: incompatible redeclaration of library function 'memset' [-Wincompatible-library-redeclaration]
char memset ();
     ^
conftest.c:49:6: note: 'memset' is a builtin with type 'void *(void *, int, unsigned long)'
1 warning generated.
configure:5146: $? = 0
configure:5146: result: yes
configure:5267: checking that generated files are newer than configure
configure:5273: result: done
configure:5300: creating ./config.status

## ---------------------- ##
## Running config.status. ##
## ---------------------- ##

This file was extended by kikimora config.status 0.1.0, which was
generated by GNU Autoconf 2.69.  Invocation command line was

  CONFIG_FILES    = 
  CONFIG_HEADERS  = 
  CONFIG_LINKS    = 
  CONFIG_COMMANDS = 
  $ ./config.status 

on yinchen-mac

config.status:868: creating Makefile
config.status:868: creating src/Makefile
config.status:868: creating src/lib/Makefile
config.status:868: creating src/lib/kikimora/Makefile
config.status:868: creating config.h
config.status:1049: config.h is unchanged
config.status:1097: executing depfiles commands

## ---------------- ##
## Cache variables. ##
## ---------------- ##

ac_cv_c_compiler_gnu=yes
ac_cv_c_inline=inline
ac_cv_c_int64_t=yes
ac_cv_c_uint64_t=yes
ac_cv_cxx_compiler_gnu=yes
ac_cv_env_CCC_set=
ac_cv_env_CCC_value=
ac_cv_env_CC_set=
ac_cv_env_CC_value=
ac_cv_env_CFLAGS_set=
ac_cv_env_CFLAGS_value=
ac_cv_env_CPPFLAGS_set=
ac_cv_env_CPPFLAGS_value=
ac_cv_env_CPP_set=
ac_cv_env_CPP_value=
ac_cv_env_CXXFLAGS_set=
ac_cv_env_CXXFLAGS_value=
ac_cv_env_CXX_set=
ac_cv_env_CXX_value=
ac_cv_env_LDFLAGS_set=
ac_cv_env_LDFLAGS_value=
ac_cv_env_LIBS_set=
ac_cv_env_LIBS_value=
ac_cv_env_build_alias_set=
ac_cv_env_build_alias_value=
ac_cv_env_host_alias_set=
ac_cv_env_host_alias_value=
ac_cv_env_target_alias_set=
ac_cv_env_target_alias_value=
ac_cv_func_memset=yes
ac_cv_header_inttypes_h=yes
ac_cv_header_memory_h=yes
ac_cv_header_stdbool_h=yes
ac_cv_header_stdc=yes
ac_cv_header_stddef_h=yes
ac_cv_header_stdint_h=yes
ac_cv_header_stdlib_h=yes
ac_cv_header_string_h=yes
ac_cv_header_strings_h=yes
ac_cv_header_sys_stat_h=yes
ac_cv_header_sys_types_h=yes
ac_cv_header_unistd_h=yes
ac_cv_lib_pthread_jsoncpp=no
ac_cv_objext=o
ac_cv_path_EGREP='/usr/bin/grep -E'
ac_cv_path_GREP=/usr/bin/grep
ac_cv_path_install='/usr/bin/install -c'
ac_cv_prog_AWK=awk
ac_cv_prog_CPP='gcc -E'
ac_cv_prog_ac_ct_CC=gcc
ac_cv_prog_ac_ct_CXX=g++
ac_cv_prog_ac_ct_RANLIB=ranlib
ac_cv_prog_cc_c89=
ac_cv_prog_cc_g=yes
ac_cv_prog_cxx_g=yes
ac_cv_prog_make_make_set=yes
ac_cv_type__Bool=yes
ac_cv_type_ptrdiff_t=yes
ac_cv_type_size_t=yes
am_cv_CC_dependencies_compiler_type=gcc3
am_cv_CXX_dependencies_compiler_type=gcc3
am_cv_make_support_nested_variables=yes
am_cv_prog_cc_c_o=yes

## ----------------- ##
## Output variables. ##
## ----------------- ##

ACLOCAL='${SHELL} /Users/yinchen/Projects/kikimora/missing aclocal-1.15'
AMDEPBACKSLASH='\'
AMDEP_FALSE='#'
AMDEP_TRUE=''
AMTAR='$${TAR-tar}'
AM_BACKSLASH='\'
AM_DEFAULT_V='$(AM_DEFAULT_VERBOSITY)'
AM_DEFAULT_VERBOSITY='1'
AM_V='$(V)'
AUTOCONF='${SHELL} /Users/yinchen/Projects/kikimora/missing autoconf'
AUTOHEADER='${SHELL} /Users/yinchen/Projects/kikimora/missing autoheader'
AUTOMAKE='${SHELL} /Users/yinchen/Projects/kikimora/missing automake-1.15'
AWK='awk'
CC='gcc'
CCDEPMODE='depmode=gcc3'
CFLAGS='-g -O2'
CPP='gcc -E'
CPPFLAGS=''
CXX='g++'
CXXDEPMODE='depmode=gcc3'
CXXFLAGS='-g -O2'
CYGPATH_W='echo'
DEFS='-DHAVE_CONFIG_H'
DEPDIR='.deps'
ECHO_C='\c'
ECHO_N=''
ECHO_T=''
EGREP='/usr/bin/grep -E'
EXEEXT=''
GREP='/usr/bin/grep'
INSTALL_DATA='${INSTALL} -m 644'
INSTALL_PROGRAM='${INSTALL}'
INSTALL_SCRIPT='${INSTALL}'
INSTALL_STRIP_PROGRAM='$(install_sh) -c -s'
LDFLAGS=''
LIBOBJS=''
LIBS=''
LTLIBOBJS=''
MAKEINFO='${SHELL} /Users/yinchen/Projects/kikimora/missing makeinfo'
MKDIR_P='./install-sh -c -d'
OBJEXT='o'
PACKAGE='kikimora'
PACKAGE_BUGREPORT='yinchen@freewheel.tv'
PACKAGE_NAME='kikimora'
PACKAGE_STRING='kikimora 0.1.0'
PACKAGE_TARNAME='kikimora'
PACKAGE_URL=''
PACKAGE_VERSION='0.1.0'
PATH_SEPARATOR=':'
RANLIB='ranlib'
SET_MAKE=''
SHELL='/bin/sh'
STRIP=''
VERSION='0.1.0'
ac_ct_CC='gcc'
ac_ct_CXX='g++'
am__EXEEXT_FALSE=''
am__EXEEXT_TRUE='#'
am__fastdepCC_FALSE='#'
am__fastdepCC_TRUE=''
am__fastdepCXX_FALSE='#'
am__fastdepCXX_TRUE=''
am__include='include'
am__isrc=''
am__leading_dot='.'
am__nodep='_no'
am__quote=''
am__tar='$${TAR-tar} chof - "$$tardir"'
am__untar='$${TAR-tar} xf -'
bindir='${exec_prefix}/bin'
build_alias=''
datadir='${datarootdir}'
datarootdir='${prefix}/share'
docdir='${datarootdir}/doc/${PACKAGE_TARNAME}'
dvidir='${docdir}'
exec_prefix='${prefix}'
host_alias=''
htmldir='${docdir}'
includedir='${prefix}/include'
infodir='${datarootdir}/info'
install_sh='${SHELL} /Users/yinchen/Projects/kikimora/install-sh'
libdir='${exec_prefix}/lib'
libexecdir='${exec_prefix}/libexec'
localedir='${datarootdir}/locale'
localstatedir='${prefix}/var'
mandir='${datarootdir}/man'
mkdir_p='$(MKDIR_P)'
oldincludedir='/usr/include'
pdfdir='${docdir}'
prefix='/usr/local'
program_transform_name='s,x,x,'
psdir='${docdir}'
sbindir='${exec_prefix}/sbin'
sharedstatedir='${prefix}/com'
sysconfdir='${prefix}/etc'
target_alias=''

## ----------- ##
## confdefs.h. ##
## ----------- ##

/* confdefs.h */
#define PACKAGE_NAME "kikimora"
#define PACKAGE_TARNAME "kikimora"
#define PACKAGE_VERSION "0.1.0"
#define PACKAGE_STRING "kikimora 0.1.0"
#define PACKAGE_BUGREPORT "yinchen@freewheel.tv"
#define PACKAGE_URL ""
#define PACKAGE "kikimora"
#define VERSION "0.1.0"
#define STDC_HEADERS 1
#define HAVE_SYS_TYPES_H 1
#define HAVE_SYS_STAT_H 1
#define HAVE_STDLIB_H 1
#define HAVE_STRING_H 1
#define HAVE_MEMORY_H 1
#define HAVE_STRINGS_H 1
#define HAVE_INTTYPES_H 1
#define HAVE_STDINT_H 1
#define HAVE_UNISTD_H 1
#define HAVE_STDDEF_H 1
#define HAVE_STDINT_H 1
#define HAVE_STDLIB_H 1
#define HAVE__BOOL 1
#define HAVE_PTRDIFF_T 1
#define HAVE_MEMSET 1

configure: exit 0
